# JRE version: Java(TM) SE Runtime Environment (17.0.9+11) (build 17.0.9+11-LTS-201)
# Java VM: Java HotSpot(TM) 64-Bit Server VM (17.0.9+11-LTS-201, mixed mode, sharing, tiered, compressed oops, compressed class ptrs, g1 gc, windows-amd64)
GC Precious Log:
 CPUs: 4 total, 4 available
 Memory: 3891M
 Large Page Support: Disabled
 NUMA Support: Disabled
 Compressed Oops: Enabled (32-bit)
 Heap Region Size: 1M
 Heap Min Capacity: 8M
 Heap Initial Capacity: 62M
 Heap Max Capacity: 974M
 Pre-touch: Disabled
 Parallel Workers: 4
 Concurrent Workers: 1
 Concurrent Refinement Workers: 4
 Periodic GC: Disabled
Heap:
 garbage-first heap   total 48128K, used 30817K [0x00000000c3200000, 0x0000000100000000)
  region size 1024K, 9 young (9216K), 2 survivors (2048K)
 Metaspace       used 54812K, committed 55232K, reserved 1114112K
  class space    used 7276K, committed 7488K, reserved 1048576K
GC Heap History (20 events):
Event: 16.160 GC heap before
{Heap before GC invocations=7 (full 0):
 garbage-first heap   total 48128K, used 14591K [0x00000000c3200000, 0x0000000100000000)
  region size 1024K, 4 young (4096K), 3 survivors (3072K)
 Metaspace       used 24274K, committed 24576K, reserved 1114112K
  class space    used 3035K, committed 3200K, reserved 1048576K
}
Event: 16.164 GC heap after
{Heap after GC invocations=8 (full 0):
 garbage-first heap   total 48128K, used 14639K [0x00000000c3200000, 0x0000000100000000)
  region size 1024K, 1 young (1024K), 1 survivors (1024K)
 Metaspace       used 24274K, committed 24576K, reserved 1114112K
  class space    used 3035K, committed 3200K, reserved 1048576K
}
Event: 18.831 GC heap before
{Heap before GC invocations=8 (full 0):
 garbage-first heap   total 48128K, used 34095K [0x00000000c3200000, 0x0000000100000000)
  region size 1024K, 20 young (20480K), 1 survivors (1024K)
 Metaspace       used 27350K, committed 27776K, reserved 1114112K
  class space    used 3460K, committed 3648K, reserved 1048576K
}
Event: 18.834 GC heap after
{Heap after GC invocations=9 (full 0):
 garbage-first heap   total 48128K, used 15592K [0x00000000c3200000, 0x0000000100000000)
  region size 1024K, 2 young (2048K), 2 survivors (2048K)
 Metaspace       used 27350K, committed 27776K, reserved 1114112K
  class space    used 3460K, committed 3648K, reserved 1048576K
}
Event: 23.005 GC heap before
{Heap before GC invocations=9 (full 0):
 garbage-first heap   total 48128K, used 34024K [0x00000000c3200000, 0x0000000100000000)
  region size 1024K, 21 young (21504K), 2 survivors (2048K)
 Metaspace       used 30447K, committed 30848K, reserved 1114112K
  class space    used 3939K, committed 4160K, reserved 1048576K
}
Event: 23.012 GC heap after
{Heap after GC invocations=10 (full 0):
 garbage-first heap   total 48128K, used 17566K [0x00000000c3200000, 0x0000000100000000)
  region size 1024K, 3 young (3072K), 3 survivors (3072K)
 Metaspace       used 30447K, committed 30848K, reserved 1114112K
  class space    used 3939K, committed 4160K, reserved 1048576K
}
Event: 24.771 GC heap before
{Heap before GC invocations=10 (full 0):
 garbage-first heap   total 48128K, used 34974K [0x00000000c3200000, 0x0000000100000000)
  region size 1024K, 20 young (20480K), 3 survivors (3072K)
 Metaspace       used 32704K, committed 33152K, reserved 1114112K
  class space    used 4195K, committed 4416K, reserved 1048576K
}
Event: 24.777 GC heap after
{Heap after GC invocations=11 (full 0):
 garbage-first heap   total 48128K, used 18663K [0x00000000c3200000, 0x0000000100000000)
  region size 1024K, 2 young (2048K), 2 survivors (2048K)
 Metaspace       used 32704K, committed 33152K, reserved 1114112K
  class space    used 4195K, committed 4416K, reserved 1048576K
}
Event: 25.649 GC heap before
{Heap before GC invocations=11 (full 0):
 garbage-first heap   total 48128K, used 29927K [0x00000000c3200000, 0x0000000100000000)
  region size 1024K, 15 young (15360K), 2 survivors (2048K)
 Metaspace       used 35520K, committed 35968K, reserved 1114112K
  class space    used 4581K, committed 4800K, reserved 1048576K
}
Event: 25.652 GC heap after
{Heap after GC invocations=12 (full 0):
 garbage-first heap   total 48128K, used 19362K [0x00000000c3200000, 0x0000000100000000)
  region size 1024K, 2 young (2048K), 2 survivors (2048K)
 Metaspace       used 35520K, committed 35968K, reserved 1114112K
  class space    used 4581K, committed 4800K, reserved 1048576K
}
Event: 27.610 GC heap before
{Heap before GC invocations=13 (full 0):
 garbage-first heap   total 48128K, used 35746K [0x00000000c3200000, 0x0000000100000000)
  region size 1024K, 19 young (19456K), 2 survivors (2048K)
 Metaspace       used 39709K, committed 40192K, reserved 1114112K
  class space    used 5298K, committed 5504K, reserved 1048576K
}
Event: 27.614 GC heap after
{Heap after GC invocations=14 (full 0):
 garbage-first heap   total 48128K, used 20281K [0x00000000c3200000, 0x0000000100000000)
  region size 1024K, 2 young (2048K), 2 survivors (2048K)
 Metaspace       used 39709K, committed 40192K, reserved 1114112K
  class space    used 5298K, committed 5504K, reserved 1048576K
}
Event: 27.720 GC heap before
{Heap before GC invocations=14 (full 0):
 garbage-first heap   total 48128K, used 21305K [0x00000000c3200000, 0x0000000100000000)
  region size 1024K, 3 young (3072K), 2 survivors (2048K)
 Metaspace       used 39951K, committed 40384K, reserved 1114112K
  class space    used 5323K, committed 5504K, reserved 1048576K
}
Event: 27.724 GC heap after
{Heap after GC invocations=15 (full 0):
 garbage-first heap   total 48128K, used 20619K [0x00000000c3200000, 0x0000000100000000)
  region size 1024K, 1 young (1024K), 1 survivors (1024K)
 Metaspace       used 39951K, committed 40384K, reserved 1114112K
  class space    used 5323K, committed 5504K, reserved 1048576K
}
Event: 30.477 GC heap before
{Heap before GC invocations=15 (full 0):
 garbage-first heap   total 48128K, used 35979K [0x00000000c3200000, 0x0000000100000000)
  region size 1024K, 17 young (17408K), 1 survivors (1024K)
 Metaspace       used 47802K, committed 48256K, reserved 1114112K
  class space    used 6256K, committed 6464K, reserved 1048576K
}
Event: 30.480 GC heap after
{Heap after GC invocations=16 (full 0):
 garbage-first heap   total 48128K, used 22355K [0x00000000c3200000, 0x0000000100000000)
  region size 1024K, 3 young (3072K), 3 survivors (3072K)
 Metaspace       used 47802K, committed 48256K, reserved 1114112K
  class space    used 6256K, committed 6464K, reserved 1048576K
}
Event: 31.328 GC heap before
{Heap before GC invocations=16 (full 0):
 garbage-first heap   total 48128K, used 35667K [0x00000000c3200000, 0x0000000100000000)
  region size 1024K, 17 young (17408K), 3 survivors (3072K)
 Metaspace       used 50930K, committed 51392K, reserved 1114112K
  class space    used 6631K, committed 6848K, reserved 1048576K
}
Event: 31.331 GC heap after
{Heap after GC invocations=17 (full 0):
 garbage-first heap   total 48128K, used 23264K [0x00000000c3200000, 0x0000000100000000)
  region size 1024K, 1 young (1024K), 1 survivors (1024K)
 Metaspace       used 50930K, committed 51392K, reserved 1114112K
  class space    used 6631K, committed 6848K, reserved 1048576K
}
Event: 33.582 GC heap before
{Heap before GC invocations=17 (full 0):
 garbage-first heap   total 48128K, used 38624K [0x00000000c3200000, 0x0000000100000000)
  region size 1024K, 16 young (16384K), 1 survivors (1024K)
 Metaspace       used 54454K, committed 54912K, reserved 1114112K
  class space    used 7209K, committed 7424K, reserved 1048576K
}
Event: 33.586 GC heap after
{Heap after GC invocations=18 (full 0):
 garbage-first heap   total 48128K, used 24673K [0x00000000c3200000, 0x0000000100000000)
  region size 1024K, 2 young (2048K), 2 survivors (2048K)
 Metaspace       used 54454K, committed 54912K, reserved 1114112K
  class space    used 7209K, committed 7424K, reserved 1048576K
}

